d:\3_semestr\yap\courseproject\mys-2018\mys-2018\debug\mys-2018.pch
d:\3_semestr\yap\courseproject\mys-2018\mys-2018\debug\vc141.pdb
d:\3_semestr\yap\courseproject\mys-2018\mys-2018\debug\vc141.idb
d:\3_semestr\yap\courseproject\mys-2018\mys-2018\debug\pch.obj
d:\3_semestr\yap\courseproject\mys-2018\mys-2018\debug\parm.obj
d:\3_semestr\yap\courseproject\mys-2018\mys-2018\debug\mys-2018.obj
d:\3_semestr\yap\courseproject\mys-2018\mys-2018\debug\log.obj
d:\3_semestr\yap\courseproject\mys-2018\mys-2018\debug\in.obj
d:\3_semestr\yap\courseproject\mys-2018\mys-2018\debug\error.obj
d:\3_semestr\yap\courseproject\mys-2018\mys-2018\debug\it.obj
d:\3_semestr\yap\courseproject\mys-2018\mys-2018\debug\fst.obj
d:\3_semestr\yap\courseproject\mys-2018\mys-2018\debug\lexanalyzer.obj
d:\3_semestr\yap\courseproject\mys-2018\mys-2018\debug\lt.obj
d:\3_semestr\yap\courseproject\mys-2018\debug\mys-2018.ilk
d:\3_semestr\yap\courseproject\mys-2018\debug\mys-2018.exe
d:\3_semestr\yap\courseproject\mys-2018\debug\mys-2018.pdb
d:\3_semestr\yap\courseproject\mys-2018\mys-2018\debug\mys-2018.tlog\cl.command.1.tlog
d:\3_semestr\yap\courseproject\mys-2018\mys-2018\debug\mys-2018.tlog\cl.read.1.tlog
d:\3_semestr\yap\courseproject\mys-2018\mys-2018\debug\mys-2018.tlog\cl.write.1.tlog
d:\3_semestr\yap\courseproject\mys-2018\mys-2018\debug\mys-2018.tlog\link.command.1.tlog
d:\3_semestr\yap\courseproject\mys-2018\mys-2018\debug\mys-2018.tlog\link.read.1.tlog
d:\3_semestr\yap\courseproject\mys-2018\mys-2018\debug\mys-2018.tlog\link.write.1.tlog
